<?xml version="1.0" encoding="UTF-8"?>
<!-- Generated by org.testng.reporters.JUnitXMLReporter -->
<testsuite hostname="RCHENNUB-LAP" ignored="0" name="Default test" tests="4" failures="0" timestamp="04 Feb 2019 01:42:26 GMT" time="57.774" errors="0">
  <testcase name="peopleSearchTest" time="8.957" classname="com.lnkd.qa.testcases.PeopleSearchDDT"/>
  <testcase name="peopleSearchTest" time="5.339" classname="com.lnkd.qa.testcases.PeopleSearchDDT"/>
  <testcase name="peopleSearchTest" time="4.882" classname="com.lnkd.qa.testcases.PeopleSearchDDT"/>
  <testcase name="peopleSearchTest" time="4.886" classname="com.lnkd.qa.testcases.PeopleSearchDDT"/>
</testsuite> <!-- Default test -->
